<?xml version="1.0" encoding="UTF-8"?>
<!-- Generated by org.testng.reporters.JUnitReportReporter -->
<testsuite hostname="Saifuls-MBP.lan" failures="0" tests="4" name="api.Test.Usertest" time="2.153" errors="0" timestamp="2024-11-07T11:27:06 EST" skipped="0">
  <testcase classname="api.Test.Usertest" name="TestPostuser" time="0.956"/>
  <testcase classname="api.Test.Usertest" name="testGetUserByName" time="0.243"/>
  <testcase classname="api.Test.Usertest" name="TestUpdateuserByName" time="0.506"/>
  <testcase classname="api.Test.Usertest" name="testDeleteUserByName" time="0.448"/>
</testsuite> <!-- api.Test.Usertest -->
