<?xml version="1.0" encoding="UTF-8"?>
<!-- Generated by org.testng.reporters.JUnitReportReporter -->
<testsuite hostname="Saifuls-MBP.lan" failures="0" tests="4" name="api.Test.UserTests" time="2.545" errors="0" timestamp="2024-11-07T11:31:45 EST" skipped="0">
  <testcase classname="api.Test.UserTests" name="TestPostuser" time="1.172"/>
  <testcase classname="api.Test.UserTests" name="testGetUserByName" time="0.246"/>
  <testcase classname="api.Test.UserTests" name="TestUpdateuserByName" time="0.687"/>
  <testcase classname="api.Test.UserTests" name="testDeleteUserByName" time="0.440"/>
</testsuite> <!-- api.Test.UserTests -->
