<?xml version="1.0" encoding="UTF-8"?>
<!-- Generated by org.testng.reporters.JUnitReportReporter -->
<testsuite hostname="Saifuls-MBP.lan" failures="0" tests="4" name="api.Test.UserTests2UserEndPointsRoutesImplimentataion2ForPropertiesFile" time="3.210" errors="0" timestamp="2024-11-07T12:20:30 EST" skipped="0">
  <testcase classname="api.Test.UserTests2UserEndPointsRoutesImplimentataion2ForPropertiesFile" name="TestPostuser" time="0.967"/>
  <testcase classname="api.Test.UserTests2UserEndPointsRoutesImplimentataion2ForPropertiesFile" name="testGetUserByName" time="0.457"/>
  <testcase classname="api.Test.UserTests2UserEndPointsRoutesImplimentataion2ForPropertiesFile" name="TestUpdateuserByName" time="0.990"/>
  <testcase classname="api.Test.UserTests2UserEndPointsRoutesImplimentataion2ForPropertiesFile" name="testDeleteUserByName" time="0.796"/>
</testsuite> <!-- api.Test.UserTests2UserEndPointsRoutesImplimentataion2ForPropertiesFile -->
