<?xml version="1.0" encoding="UTF-8"?>
<!-- Generated by org.testng.reporters.JUnitReportReporter -->
<testsuite hostname="Saifuls-MBP.lan" failures="0" tests="4" name="api.Test.UserTests2UserEndPointsRoutesImplimentataion2ForPropertiesFile" time="3.012" errors="0" timestamp="2024-11-08T09:48:25 EST" skipped="0">
  <testcase classname="api.Test.UserTests2UserEndPointsRoutesImplimentataion2ForPropertiesFile" name="TestPostuser" time="0.962"/>
  <testcase classname="api.Test.UserTests2UserEndPointsRoutesImplimentataion2ForPropertiesFile" name="testGetUserByName" time="0.476"/>
  <testcase classname="api.Test.UserTests2UserEndPointsRoutesImplimentataion2ForPropertiesFile" name="TestUpdateuserByName" time="1.290"/>
  <testcase classname="api.Test.UserTests2UserEndPointsRoutesImplimentataion2ForPropertiesFile" name="testDeleteUserByName" time="0.284"/>
</testsuite> <!-- api.Test.UserTests2UserEndPointsRoutesImplimentataion2ForPropertiesFile -->
