<?xml version="1.0" encoding="UTF-8"?>
<!-- Generated by org.testng.reporters.JUnitReportReporter -->
<testsuite hostname="Saifuls-MBP.lan" failures="0" tests="4" name="api.Test.UserTests2UserEndPointsRoutesImplimentataion2ForPropertiesFile" time="2.339" errors="0" timestamp="2024-11-07T13:24:51 EST" skipped="0">
  <testcase classname="api.Test.UserTests2UserEndPointsRoutesImplimentataion2ForPropertiesFile" name="TestPostuser" time="0.904"/>
  <testcase classname="api.Test.UserTests2UserEndPointsRoutesImplimentataion2ForPropertiesFile" name="testGetUserByName" time="0.418"/>
  <testcase classname="api.Test.UserTests2UserEndPointsRoutesImplimentataion2ForPropertiesFile" name="TestUpdateuserByName" time="0.545"/>
  <testcase classname="api.Test.UserTests2UserEndPointsRoutesImplimentataion2ForPropertiesFile" name="testDeleteUserByName" time="0.472"/>
</testsuite> <!-- api.Test.UserTests2UserEndPointsRoutesImplimentataion2ForPropertiesFile -->
